Sat Jan 13 2018 21:19:50 GMT-0300 (Greenland Standard Time): GET /about
Sat Jan 13 2018 21:25:28 GMT-0300 (Greenland Standard Time): GET /about
Sat Jan 13 2018 21:27:20 GMT-0300 (Greenland Standard Time): GET /help.html
Sat Jan 13 2018 21:27:35 GMT-0300 (Greenland Standard Time): GET /help.html
Sat Jan 13 2018 21:27:35 GMT-0300 (Greenland Standard Time): GET /main.css
Sat Jan 13 2018 21:27:35 GMT-0300 (Greenland Standard Time): GET /main.js
Sat Jan 13 2018 21:27:39 GMT-0300 (Greenland Standard Time): GET /
Sat Jan 20 2018 11:04:15 GMT-0300 (Greenland Standard Time): GET /browser-sync/socket.io/?EIO=3&transport=polling&t=M4JubM_
Sat Jan 20 2018 11:04:17 GMT-0300 (Greenland Standard Time): GET /
Sat Jan 20 2018 11:04:18 GMT-0300 (Greenland Standard Time): GET /favicon.ico
Sat Jan 20 2018 11:04:22 GMT-0300 (Greenland Standard Time): GET /browser-sync/socket.io/?EIO=3&transport=polling&t=M4Jud4L
Sat Jan 20 2018 11:04:29 GMT-0300 (Greenland Standard Time): GET /browser-sync/socket.io/?EIO=3&transport=polling&t=M4Juenj
Sat Jan 20 2018 11:04:36 GMT-0300 (Greenland Standard Time): GET /browser-sync/socket.io/?EIO=3&transport=polling&t=M4JugV5
Sat Jan 20 2018 11:04:43 GMT-0300 (Greenland Standard Time): GET /browser-sync/socket.io/?EIO=3&transport=polling&t=M4JuiCS
Sat Jan 20 2018 11:04:50 GMT-0300 (Greenland Standard Time): GET /browser-sync/socket.io/?EIO=3&transport=polling&t=M4Jujvq
Sat Jan 20 2018 11:04:57 GMT-0300 (Greenland Standard Time): GET /browser-sync/socket.io/?EIO=3&transport=polling&t=M4JuldD
Sat Jan 20 2018 11:05:04 GMT-0300 (Greenland Standard Time): GET /browser-sync/socket.io/?EIO=3&transport=polling&t=M4JunKb
Sat Jan 20 2018 11:05:11 GMT-0300 (Greenland Standard Time): GET /browser-sync/socket.io/?EIO=3&transport=polling&t=M4Jup1-
Sat Jan 20 2018 11:05:18 GMT-0300 (Greenland Standard Time): GET /browser-sync/socket.io/?EIO=3&transport=polling&t=M4JuqlL
Sat Jan 20 2018 11:05:25 GMT-0300 (Greenland Standard Time): GET /browser-sync/socket.io/?EIO=3&transport=polling&t=M4JusSi
Sat Jan 20 2018 11:05:32 GMT-0300 (Greenland Standard Time): GET /browser-sync/socket.io/?EIO=3&transport=polling&t=M4JuuA5
Sat Jan 20 2018 11:05:39 GMT-0300 (Greenland Standard Time): GET /browser-sync/socket.io/?EIO=3&transport=polling&t=M4JuvtU
Sat Jan 20 2018 11:05:45 GMT-0300 (Greenland Standard Time): GET /browser-sync/socket.io/?EIO=3&transport=polling&t=M4JuxLF
Sat Jan 20 2018 11:05:52 GMT-0300 (Greenland Standard Time): GET /browser-sync/socket.io/?EIO=3&transport=polling&t=M4Juz2b
Sat Jan 20 2018 11:05:59 GMT-0300 (Greenland Standard Time): GET /browser-sync/socket.io/?EIO=3&transport=polling&t=M4Ju-lz
Sat Jan 20 2018 11:06:06 GMT-0300 (Greenland Standard Time): GET /browser-sync/socket.io/?EIO=3&transport=polling&t=M4Jv0TL
Sat Jan 20 2018 11:06:13 GMT-0300 (Greenland Standard Time): GET /browser-sync/socket.io/?EIO=3&transport=polling&t=M4Jv2Ak
Sat Jan 20 2018 11:06:20 GMT-0300 (Greenland Standard Time): GET /browser-sync/socket.io/?EIO=3&transport=polling&t=M4Jv3u4
Sat Jan 20 2018 11:06:27 GMT-0300 (Greenland Standard Time): GET /browser-sync/socket.io/?EIO=3&transport=polling&t=M4Jv5bT
Sat Jan 20 2018 11:06:34 GMT-0300 (Greenland Standard Time): GET /browser-sync/socket.io/?EIO=3&transport=polling&t=M4Jv7J0
Sat Jan 20 2018 11:06:40 GMT-0300 (Greenland Standard Time): GET /browser-sync/socket.io/?EIO=3&transport=polling&t=M4Jv8mh
Sat Jan 20 2018 11:06:46 GMT-0300 (Greenland Standard Time): GET /browser-sync/socket.io/?EIO=3&transport=polling&t=M4JvAEM
Sat Jan 20 2018 11:06:53 GMT-0300 (Greenland Standard Time): GET /browser-sync/socket.io/?EIO=3&transport=polling&t=M4JvBxq
Sat Jan 20 2018 11:07:00 GMT-0300 (Greenland Standard Time): GET /browser-sync/socket.io/?EIO=3&transport=polling&t=M4JvDfB
Sat Jan 20 2018 11:07:07 GMT-0300 (Greenland Standard Time): GET /browser-sync/socket.io/?EIO=3&transport=polling&t=M4JvFMT
Sat Jan 20 2018 11:07:14 GMT-0300 (Greenland Standard Time): GET /browser-sync/socket.io/?EIO=3&transport=polling&t=M4JvH3w
Sat Jan 20 2018 11:07:20 GMT-0300 (Greenland Standard Time): GET /browser-sync/socket.io/?EIO=3&transport=polling&t=M4JvIXm
Sat Jan 20 2018 11:07:27 GMT-0300 (Greenland Standard Time): GET /browser-sync/socket.io/?EIO=3&transport=polling&t=M4JvKEz
Sat Jan 20 2018 11:07:34 GMT-0300 (Greenland Standard Time): GET /browser-sync/socket.io/?EIO=3&transport=polling&t=M4JvLyQ
Sat Jan 20 2018 11:07:41 GMT-0300 (Greenland Standard Time): GET /browser-sync/socket.io/?EIO=3&transport=polling&t=M4JvNfj
Sat Jan 20 2018 11:07:48 GMT-0300 (Greenland Standard Time): GET /browser-sync/socket.io/?EIO=3&transport=polling&t=M4JvPNH
Sat Jan 20 2018 11:07:55 GMT-0300 (Greenland Standard Time): GET /browser-sync/socket.io/?EIO=3&transport=polling&t=M4JvR4X
Sat Jan 20 2018 11:08:02 GMT-0300 (Greenland Standard Time): GET /browser-sync/socket.io/?EIO=3&transport=polling&t=M4JvSnr
Sat Jan 20 2018 11:08:09 GMT-0300 (Greenland Standard Time): GET /browser-sync/socket.io/?EIO=3&transport=polling&t=M4JvUVH
Sat Jan 20 2018 11:08:16 GMT-0300 (Greenland Standard Time): GET /browser-sync/socket.io/?EIO=3&transport=polling&t=M4JvWCp
Sat Jan 20 2018 11:08:23 GMT-0300 (Greenland Standard Time): GET /browser-sync/socket.io/?EIO=3&transport=polling&t=M4JvXv_
Sat Jan 20 2018 11:08:29 GMT-0300 (Greenland Standard Time): GET /browser-sync/socket.io/?EIO=3&transport=polling&t=M4JvZN_
Sat Jan 20 2018 11:08:36 GMT-0300 (Greenland Standard Time): GET /browser-sync/socket.io/?EIO=3&transport=polling&t=M4Jvb56
Sat Jan 20 2018 11:08:43 GMT-0300 (Greenland Standard Time): GET /browser-sync/socket.io/?EIO=3&transport=polling&t=M4JvcoW
Sat Jan 20 2018 11:08:50 GMT-0300 (Greenland Standard Time): GET /browser-sync/socket.io/?EIO=3&transport=polling&t=M4JveVr
Sat Jan 20 2018 11:08:57 GMT-0300 (Greenland Standard Time): GET /browser-sync/socket.io/?EIO=3&transport=polling&t=M4JvgDC
Sat Jan 20 2018 11:09:04 GMT-0300 (Greenland Standard Time): GET /browser-sync/socket.io/?EIO=3&transport=polling&t=M4Jvhwh
Sat Jan 20 2018 11:09:11 GMT-0300 (Greenland Standard Time): GET /browser-sync/socket.io/?EIO=3&transport=polling&t=M4Jvje5
